c:\users\nash\desktop\spring 2018\project3helpwpf\translater\debug\vc141.pdb
c:\users\nash\desktop\spring 2018\project3helpwpf\translater\debug\translater.obj
c:\users\nash\desktop\spring 2018\project3helpwpf\translater\debug\.netframework,version=v4.0.assemblyattributes.obj
c:\users\nash\desktop\spring 2018\project3helpwpf\translater\debug\.netframework,version=v4.0.assemblyattributes.asm
c:\users\nash\desktop\spring 2018\project3helpwpf\debug\translater.dll
c:\users\nash\desktop\spring 2018\project3helpwpf\debug\translater.pdb
c:\users\nash\desktop\project3helpwpf\translater\debug\translater.vcxprojresolveassemblyreference.cache
c:\users\nash\desktop\project3helpwpf\translater\debug\.netframework,version=v4.0.assemblyattributes.obj
c:\users\nash\desktop\project3helpwpf\translater\debug\translater.obj
c:\users\nash\desktop\project3helpwpf\translater\debug\vc141.pdb
c:\users\nash\desktop\project3helpwpf\debug\translater.pdb
c:\users\nash\desktop\project3helpwpf\debug\translater.dll
c:\users\nash\desktop\project3helpwpf\translater\debug\translater.tlog\cl.command.1.tlog
c:\users\nash\desktop\project3helpwpf\translater\debug\translater.tlog\cl.read.1.tlog
c:\users\nash\desktop\project3helpwpf\translater\debug\translater.tlog\cl.write.1.tlog
c:\users\nash\desktop\project3helpwpf\translater\debug\translater.tlog\link.command.1.tlog
c:\users\nash\desktop\project3helpwpf\translater\debug\translater.tlog\link.read.1.tlog
c:\users\nash\desktop\project3helpwpf\translater\debug\translater.tlog\link.write.1.tlog
c:\users\nash\desktop\project3helpwpf\translater\debug\translater.tlog\metagen.read.1.tlog
c:\users\nash\desktop\project3helpwpf\translater\debug\translater.tlog\metagen.write.1.tlog
c:\users\nash\desktop\project3helpwpf\translater\debug\translater.tlog\rsaenh.dll.bi
c:\users\nash\desktop\project3helpwpf\translater\debug\translater.tlog\tzres.dll.bi
