c:\users\nash\desktop\spring 2018\project3helpwpf\cppcommwithfilexfer\sockets\debug\sockets.pdb
c:\users\nash\desktop\spring 2018\project3helpwpf\cppcommwithfilexfer\sockets\debug\sockets.idb
c:\users\nash\desktop\spring 2018\project3helpwpf\cppcommwithfilexfer\sockets\debug\logger.obj
c:\users\nash\desktop\spring 2018\project3helpwpf\cppcommwithfilexfer\sockets\debug\utilities.obj
c:\users\nash\desktop\spring 2018\project3helpwpf\cppcommwithfilexfer\sockets\debug\windowshelpers.obj
c:\users\nash\desktop\spring 2018\project3helpwpf\cppcommwithfilexfer\sockets\debug\sockets.obj
c:\users\nash\desktop\spring 2018\project3helpwpf\debug\sockets.lib
c:\users\nash\desktop\project3helpwpf\cppcommwithfilexfer\sockets\debug\logger.obj
c:\users\nash\desktop\project3helpwpf\cppcommwithfilexfer\sockets\debug\sockets.obj
c:\users\nash\desktop\project3helpwpf\cppcommwithfilexfer\sockets\debug\utilities.obj
c:\users\nash\desktop\project3helpwpf\cppcommwithfilexfer\sockets\debug\windowshelpers.obj
c:\users\nash\desktop\project3helpwpf\cppcommwithfilexfer\sockets\debug\sockets.idb
c:\users\nash\desktop\project3helpwpf\cppcommwithfilexfer\sockets\debug\sockets.pdb
c:\users\nash\desktop\project3helpwpf\debug\sockets.pdb
c:\users\nash\desktop\project3helpwpf\debug\sockets.lib
c:\users\nash\desktop\project3helpwpf\cppcommwithfilexfer\sockets\debug\sockets.tlog\cl.command.1.tlog
c:\users\nash\desktop\project3helpwpf\cppcommwithfilexfer\sockets\debug\sockets.tlog\cl.read.1.tlog
c:\users\nash\desktop\project3helpwpf\cppcommwithfilexfer\sockets\debug\sockets.tlog\cl.write.1.tlog
c:\users\nash\desktop\project3helpwpf\cppcommwithfilexfer\sockets\debug\sockets.tlog\lib-link.read.1.tlog
c:\users\nash\desktop\project3helpwpf\cppcommwithfilexfer\sockets\debug\sockets.tlog\lib-link.write.1.tlog
c:\users\nash\desktop\project3helpwpf\cppcommwithfilexfer\sockets\debug\sockets.tlog\lib.command.1.tlog
